<?xml version="1.0" encoding="UTF-8"?>
<!-- Generated by org.testng.reporters.JUnitReportReporter -->
<testsuite hostname="Waynes-MacBook-Pro.local" name="za.co.hotelbooking.BookingTest" tests="3" failures="0" timestamp="29 Apr 2018 10:38:54 GMT" time="61.604" errors="0">
  <testcase name="hotelBookingScenario03" time="28.625" classname="za.co.hotelbooking.BookingTest"/>
  <testcase name="hotelBookingScenario01" time="17.306" classname="za.co.hotelbooking.BookingTest"/>
  <testcase name="hotelBookingScenario02" time="15.673" classname="za.co.hotelbooking.BookingTest"/>
</testsuite> <!-- za.co.hotelbooking.BookingTest -->
